#
# A fatal error has been detected by the Java Runtime Environment:
#
#  EXCEPTION_ACCESS_VIOLATION (0xc0000005) at pc=0x000000005a13f313, pid=11220, tid=0x0000000000002bdc
#
# JRE version: Java(TM) SE Runtime Environment (8.0_131-b11) (build 1.8.0_131-b11)
# Java VM: Java HotSpot(TM) 64-Bit Server VM (25.131-b11 mixed mode windows-amd64 compressed oops)
# Problematic frame:
# V  [jvm.dll+0x13f313]
#
# Failed to write core dump. Minidumps are not enabled by default on client versions of Windows
#
# If you would like to submit a bug report, please visit:
#   http://bugreport.java.com/bugreport/crash.jsp
#

---------------  T H R E A D  ---------------

Current thread (0x00000000028f0800):  JavaThread "main" [_thread_in_vm, id=11228, stack(0x0000000002750000,0x0000000002850000)]

siginfo: ExceptionCode=0xc0000005, reading address 0x00000002d12274e8

Registers:
RAX=0x0000000000000000, RBX=0x00000000028f0800, RCX=0x0000000000000003, RDX=0x00000002d1227480
RSP=0x000000000284e7a0, RBP=0x000000000284e8f0, RSI=0x00000000028f09f8, RDI=0x00000000028f0800
R8 =0xffff8001f04523b0, R9 =0x00007ffe0fbadc7f, R10=0x000000000000002f, R11=0x000000000000002f
R12=0x0000000000000000, R13=0x0000000000000000, R14=0x000000000284eb38, R15=0x000000000284eb08
RIP=0x000000005a13f313, EFLAGS=0x0000000000010202

Top of Stack: (sp=0x000000000284e7a0)
0x000000000284e7a0:   00007ffe0fbadc50 00000000028f0800
0x000000000284e7b0:   000000000284e8f0 0000000000000000
0x000000000284e7c0:   00000000028f0800 0000000000000000
0x000000000284e7d0:   0000000000000000 0000000000000000
0x000000000284e7e0:   00000000029de310 00007ffe0fb868f4
0x000000000284e7f0:   00000000028f09f8 000000000284e8f0
0x000000000284e800:   00000000028f0800 0000000002a516a0
0x000000000284e810:   0000000000000000 0000000002a51797
0x000000000284e820:   0000000002a51aa0 0000000000000000
0x000000000284e830:   0000000000000000 0000000000000000
0x000000000284e840:   0000000002a516a0 0000000002010000
0x000000000284e850:   0000000000000000 0000000000000000
0x000000000284e860:   0000000000000000 0000000000000000
0x000000000284e870:   0000000000000000 0000000000000000
0x000000000284e880:   0000000000000000 000000000284eb40
0x000000000284e890:   000000000284eb20 000000000284eb08 

Instructions: (pc=0x000000005a13f313)
0x000000005a13f2f3:   00 00 48 8b 17 74 15 8b 52 08 8b 0d a5 14 66 00
0x000000005a13f303:   48 d3 e2 48 03 15 93 14 66 00 eb 04 48 8b 52 08
0x000000005a13f313:   48 8b 52 68 48 8b ce e8 21 7a 0d 00 48 83 7c 24
0x000000005a13f323:   28 00 48 8b f0 74 0a 48 8d 4c 24 20 e8 4c cc 13 


Register to memory mapping:

RAX=0x0000000000000000 is an unknown value
RBX=0x00000000028f0800 is a thread
RCX=0x0000000000000003 is an unknown value
RDX=0x00000002d1227480 is an unknown value
RSP=0x000000000284e7a0 is pointing into the stack for thread: 0x00000000028f0800
RBP=0x000000000284e8f0 is pointing into the stack for thread: 0x00000000028f0800
RSI=0x00000000028f09f8 is an unknown value
RDI=0x00000000028f0800 is a thread
R8 =0xffff8001f04523b0 is an unknown value
R9 =0x00007ffe0fbadc7f is an unknown value
R10=0x000000000000002f is an unknown value
R11=0x000000000000002f is an unknown value
R12=0x0000000000000000 is an unknown value
R13=0x0000000000000000 is an unknown value
R14=0x000000000284eb38 is pointing into the stack for thread: 0x00000000028f0800
R15=0x000000000284eb08 is pointing into the stack for thread: 0x00000000028f0800


Stack: [0x0000000002750000,0x0000000002850000],  sp=0x000000000284e7a0,  free space=1017k
Native frames: (J=compiled Java code, j=interpreted, Vv=VM code, C=native code)
V  [jvm.dll+0x13f313]
C  [sqljdbc_auth.dll+0x68f4]
C  0x0000000002a07f74

Java frames: (J=compiled Java code, j=interpreted, Vv=VM code)
j  com.microsoft.sqlserver.jdbc.AuthenticationJNI.SNISecGenClientContext([B[I[BI[B[I[ZLjava/lang/String;Ljava/lang/String;Ljava/lang/String;Ljava/util/logging/Logger;)I+0
j  com.microsoft.sqlserver.jdbc.AuthenticationJNI.GenerateClientContext([BI[B[I[Z)I+24
j  com.microsoft.sqlserver.jdbc.SQLServerConnection.SSPIData([B[B[I[ZLcom/microsoft/sqlserver/jdbc/AuthenticationJNI;)V+13
j  com.microsoft.sqlserver.jdbc.SQLServerConnection.sendLogon(Lcom/microsoft/sqlserver/jdbc/SQLServerConnection$LogonCommand;Lcom/microsoft/sqlserver/jdbc/AuthenticationJNI;)V+155
j  com.microsoft.sqlserver.jdbc.SQLServerConnection.logon(Lcom/microsoft/sqlserver/jdbc/SQLServerConnection$LogonCommand;)V+20
j  com.microsoft.sqlserver.jdbc.SQLServerConnection.access$000(Lcom/microsoft/sqlserver/jdbc/SQLServerConnection;Lcom/microsoft/sqlserver/jdbc/SQLServerConnection$LogonCommand;)V+2
j  com.microsoft.sqlserver.jdbc.SQLServerConnection$LogonCommand.doExecute()Z+5
j  com.microsoft.sqlserver.jdbc.TDSCommand.execute(Lcom/microsoft/sqlserver/jdbc/TDSWriter;Lcom/microsoft/sqlserver/jdbc/TDSReader;)Z+30
j  com.microsoft.sqlserver.jdbc.SQLServerConnection.executeCommand(Lcom/microsoft/sqlserver/jdbc/TDSCommand;)Z+45
j  com.microsoft.sqlserver.jdbc.SQLServerConnection.connectHelper(Lcom/microsoft/sqlserver/jdbc/ServerPortPlaceHolder;II)V+284
j  com.microsoft.sqlserver.jdbc.SQLServerConnection.login(Ljava/lang/String;Ljava/lang/String;ILjava/lang/String;Lcom/microsoft/sqlserver/jdbc/FailoverInfo;IJ)V+399
j  com.microsoft.sqlserver.jdbc.SQLServerConnection.connect(Ljava/util/Properties;Lcom/microsoft/sqlserver/jdbc/SQLServerPooledConnection;)Ljava/sql/Connection;+1929
j  com.microsoft.sqlserver.jdbc.SQLServerDriver.connect(Ljava/lang/String;Ljava/util/Properties;)Ljava/sql/Connection;+45
j  java.sql.DriverManager.getConnection(Ljava/lang/String;Ljava/util/Properties;Ljava/lang/Class;)Ljava/sql/Connection;+171
j  java.sql.DriverManager.getConnection(Ljava/lang/String;)Ljava/sql/Connection;+13
j  conexionSQL.dbConector()Ljava/sql/Connection;+4
j  main.main([Ljava/lang/String;)V+0
v  ~StubRoutines::call_stub

---------------  P R O C E S S  ---------------

Java Threads: ( => current thread )
  0x000000001751d000 JavaThread "Service Thread" daemon [_thread_blocked, id=6084, stack(0x0000000019220000,0x0000000019320000)]
  0x00000000174c6800 JavaThread "C1 CompilerThread2" daemon [_thread_blocked, id=11592, stack(0x0000000018d20000,0x0000000018e20000)]
  0x00000000174c0000 JavaThread "C2 CompilerThread1" daemon [_thread_blocked, id=7660, stack(0x0000000018c20000,0x0000000018d20000)]
  0x00000000174bc800 JavaThread "C2 CompilerThread0" daemon [_thread_blocked, id=5480, stack(0x0000000018b20000,0x0000000018c20000)]
  0x00000000174bb000 JavaThread "Attach Listener" daemon [_thread_blocked, id=5484, stack(0x0000000018a20000,0x0000000018b20000)]
  0x00000000174ba000 JavaThread "Signal Dispatcher" daemon [_thread_blocked, id=12164, stack(0x0000000018920000,0x0000000018a20000)]
  0x00000000174aa800 JavaThread "Finalizer" daemon [_thread_blocked, id=11656, stack(0x0000000018710000,0x0000000018810000)]
  0x0000000017489000 JavaThread "Reference Handler" daemon [_thread_blocked, id=9536, stack(0x0000000018610000,0x0000000018710000)]
=>0x00000000028f0800 JavaThread "main" [_thread_in_vm, id=11228, stack(0x0000000002750000,0x0000000002850000)]

Other Threads:
  0x0000000017486800 VMThread [stack: 0x0000000018510000,0x0000000018610000] [id=1424]
  0x0000000018e5c000 WatcherThread [stack: 0x00000000196b0000,0x00000000197b0000] [id=732]

VM state:not at safepoint (normal execution)

VM Mutex/Monitor currently owned by a thread: None

Heap:
 PSYoungGen      total 37888K, used 16496K [0x00000000d6100000, 0x00000000d8b00000, 0x0000000100000000)
  eden space 32768K, 50% used [0x00000000d6100000,0x00000000d711c018,0x00000000d8100000)
  from space 5120K, 0% used [0x00000000d8600000,0x00000000d8600000,0x00000000d8b00000)
  to   space 5120K, 0% used [0x00000000d8100000,0x00000000d8100000,0x00000000d8600000)
 ParOldGen       total 86016K, used 0K [0x0000000082200000, 0x0000000087600000, 0x00000000d6100000)
  object space 86016K, 0% used [0x0000000082200000,0x0000000082200000,0x0000000087600000)
 Metaspace       used 8336K, capacity 8556K, committed 8704K, reserved 1056768K
  class space    used 922K, capacity 994K, committed 1024K, reserved 1048576K

Card table byte_map: [0x0000000011db0000,0x00000000121a0000] byte_map_base: 0x000000001199f000

Marking Bits: (ParMarkBitMap*) 0x000000005a81c720
 Begin Bits: [0x0000000012840000, 0x00000000147b8000)
 End Bits:   [0x00000000147b8000, 0x0000000016730000)

Polling page: 0x0000000000f80000

CodeCache: size=245760Kb used=2981Kb max_used=2981Kb free=242778Kb
 bounds [0x00000000029f0000, 0x0000000002ce0000, 0x00000000119f0000]
 total_blobs=1183 nmethods=836 adapters=260
 compilation: enabled

Compilation events (10 events):
Event: 1.579 Thread 0x00000000174c6800  833       1       sun.security.jca.ProviderList::access$100 (5 bytes)
Event: 1.579 Thread 0x00000000174c6800 nmethod 833 0x0000000002cd8510 code [0x0000000002cd8660, 0x0000000002cd8750]
Event: 1.579 Thread 0x00000000174c6800  834       3       sun.security.jca.GetInstance::getInstance (29 bytes)
Event: 1.580 Thread 0x00000000174c6800 nmethod 834 0x0000000002cd87d0 code [0x0000000002cd8960, 0x0000000002cd8e18]
Event: 1.580 Thread 0x00000000174c6800  835       3       sun.security.jca.GetInstance::checkSuperClass (68 bytes)
Event: 1.581 Thread 0x00000000174c6800 nmethod 835 0x0000000002cd9010 code [0x0000000002cd9260, 0x0000000002cda1a8]
Event: 1.581 Thread 0x00000000174c6800  836       3       sun.security.jca.GetInstance$Instance::<init> (7 bytes)
Event: 1.581 Thread 0x00000000174c6800 nmethod 836 0x0000000002cda7d0 code [0x0000000002cda940, 0x0000000002cdab70]
Event: 1.581 Thread 0x00000000174c6800  837       3       sun.security.jca.GetInstance$Instance::<init> (15 bytes)
Event: 1.581 Thread 0x00000000174c6800 nmethod 837 0x0000000002cdac50 code [0x0000000002cdada0, 0x0000000002cdaf70]

GC Heap History (0 events):
No events

Deoptimization events (6 events):
Event: 1.218 Thread 0x00000000028f0800 Uncommon trap: reason=unstable_if action=reinterpret pc=0x0000000002b917dc method=java.lang.CharacterDataLatin1.digit(II)I @ 82
Event: 1.283 Thread 0x00000000028f0800 Uncommon trap: reason=bimorphic action=maybe_recompile pc=0x0000000002badc74 method=java.util.regex.Pattern$BmpCharProperty.match(Ljava/util/regex/Matcher;ILjava/lang/CharSequence;)Z @ 31
Event: 1.283 Thread 0x00000000028f0800 Uncommon trap: reason=bimorphic action=maybe_recompile pc=0x0000000002badc74 method=java.util.regex.Pattern$BmpCharProperty.match(Ljava/util/regex/Matcher;ILjava/lang/CharSequence;)Z @ 31
Event: 1.283 Thread 0x00000000028f0800 Uncommon trap: reason=bimorphic action=maybe_recompile pc=0x0000000002badc74 method=java.util.regex.Pattern$BmpCharProperty.match(Ljava/util/regex/Matcher;ILjava/lang/CharSequence;)Z @ 31
Event: 1.283 Thread 0x00000000028f0800 Uncommon trap: reason=bimorphic action=maybe_recompile pc=0x0000000002badc74 method=java.util.regex.Pattern$BmpCharProperty.match(Ljava/util/regex/Matcher;ILjava/lang/CharSequence;)Z @ 31
Event: 1.341 Thread 0x00000000028f0800 Uncommon trap: reason=unstable_if action=reinterpret pc=0x0000000002b8e914 method=java.lang.CharacterDataLatin1.digit(II)I @ 82

Internal exceptions (9 events):
Event: 0.053 Thread 0x00000000028f0800 Exception <a 'java/lang/NoSuchMethodError': Method sun.misc.Unsafe.defineClass(Ljava/lang/String;[BII)Ljava/lang/Class; name or signature does not match> (0x00000000d6107ca8) thrown at [C:\re\workspace\8-2-build-windows-amd64-cygwin\jdk8u131\8869\hotspot\
Event: 0.053 Thread 0x00000000028f0800 Exception <a 'java/lang/NoSuchMethodError': Method sun.misc.Unsafe.prefetchRead(Ljava/lang/Object;J)V name or signature does not match> (0x00000000d6107f90) thrown at [C:\re\workspace\8-2-build-windows-amd64-cygwin\jdk8u131\8869\hotspot\src\share\vm\prims
Event: 0.109 Thread 0x00000000028f0800 Exception <a 'java/io/FileNotFoundException'> (0x00000000d615e660) thrown at [C:\re\workspace\8-2-build-windows-amd64-cygwin\jdk8u131\8869\hotspot\src\share\vm\prims\jni.cpp, line 709]
Event: 0.124 Thread 0x00000000028f0800 Exception <a 'java/security/PrivilegedActionException'> (0x00000000d6184738) thrown at [C:\re\workspace\8-2-build-windows-amd64-cygwin\jdk8u131\8869\hotspot\src\share\vm\prims\jvm.cpp, line 1390]
Event: 0.124 Thread 0x00000000028f0800 Exception <a 'java/security/PrivilegedActionException'> (0x00000000d6184948) thrown at [C:\re\workspace\8-2-build-windows-amd64-cygwin\jdk8u131\8869\hotspot\src\share\vm\prims\jvm.cpp, line 1390]
Event: 0.125 Thread 0x00000000028f0800 Exception <a 'java/security/PrivilegedActionException'> (0x00000000d61885b8) thrown at [C:\re\workspace\8-2-build-windows-amd64-cygwin\jdk8u131\8869\hotspot\src\share\vm\prims\jvm.cpp, line 1390]
Event: 0.125 Thread 0x00000000028f0800 Exception <a 'java/security/PrivilegedActionException'> (0x00000000d61887c8) thrown at [C:\re\workspace\8-2-build-windows-amd64-cygwin\jdk8u131\8869\hotspot\src\share\vm\prims\jvm.cpp, line 1390]
Event: 1.262 Thread 0x00000000028f0800 Exception <a 'java/lang/NoSuchFieldError': method resolution failed> (0x00000000d68d18f0) thrown at [C:\re\workspace\8-2-build-windows-amd64-cygwin\jdk8u131\8869\hotspot\src\share\vm\prims\methodHandles.cpp, line 1146]
Event: 1.263 Thread 0x00000000028f0800 Exception <a 'java/lang/NoSuchFieldError': method resolution failed> (0x00000000d68df060) thrown at [C:\re\workspace\8-2-build-windows-amd64-cygwin\jdk8u131\8869\hotspot\src\share\vm\prims\methodHandles.cpp, line 1146]

Events (10 events):
Event: 1.517 loading class javax/crypto/MacSpi
Event: 1.517 loading class javax/crypto/MacSpi done
Event: 1.578 loading class sun/security/ssl/CipherBox$1
Event: 1.578 loading class sun/security/ssl/CipherBox$1 done
Event: 1.578 loading class java/lang/StrictMath
Event: 1.578 loading class java/lang/StrictMath done
Event: 1.580 loading class com/microsoft/sqlserver/jdbc/AuthenticationJNI
Event: 1.580 loading class com/microsoft/sqlserver/jdbc/AuthenticationJNI done
Event: 1.581 loading class java/lang/ClassLoaderHelper
Event: 1.582 loading class java/lang/ClassLoaderHelper done


Dynamic libraries:
0x00007ff6303a0000 - 0x00007ff6303d7000 	C:\Program Files\Java\jre1.8.0_131\bin\javaw.exe
0x00007ffe3d640000 - 0x00007ffe3d811000 	C:\Windows\SYSTEM32\ntdll.dll
0x00007ffe3d590000 - 0x00007ffe3d63c000 	C:\Windows\System32\KERNEL32.DLL
0x00007ffe3a850000 - 0x00007ffe3aa6d000 	C:\Windows\System32\KERNELBASE.dll
0x00007ffe3ceb0000 - 0x00007ffe3cf52000 	C:\Windows\System32\ADVAPI32.dll
0x00007ffe3abd0000 - 0x00007ffe3ac6e000 	C:\Windows\System32\msvcrt.dll
0x00007ffe3b150000 - 0x00007ffe3b1a9000 	C:\Windows\System32\sechost.dll
0x00007ffe3d460000 - 0x00007ffe3d581000 	C:\Windows\System32\RPCRT4.dll
0x00007ffe3c6c0000 - 0x00007ffe3c825000 	C:\Windows\System32\USER32.dll
0x00007ffe3a7e0000 - 0x00007ffe3a7fe000 	C:\Windows\System32\win32u.dll
0x00007ffe3d0b0000 - 0x00007ffe3d0e4000 	C:\Windows\System32\GDI32.dll
0x00007ffe3a550000 - 0x00007ffe3a6d2000 	C:\Windows\System32\gdi32full.dll
0x00007ffe2cd40000 - 0x00007ffe2cfba000 	C:\Windows\WinSxS\amd64_microsoft.windows.common-controls_6595b64144ccf1df_6.0.14393.953_none_42151e83c686086b\COMCTL32.dll
0x00007ffe3d190000 - 0x00007ffe3d458000 	C:\Windows\System32\combase.dll
0x00007ffe3a450000 - 0x00007ffe3a545000 	C:\Windows\System32\ucrtbase.dll
0x00007ffe39b30000 - 0x00007ffe39b9a000 	C:\Windows\System32\bcryptPrimitives.dll
0x00007ffe3afc0000 - 0x00007ffe3afee000 	C:\Windows\System32\IMM32.DLL
0x000000005a9f0000 - 0x000000005aac2000 	C:\Program Files\Java\jre1.8.0_131\bin\msvcr100.dll
0x000000005a000000 - 0x000000005a89c000 	C:\Program Files\Java\jre1.8.0_131\bin\server\jvm.dll
0x00007ffe3ccc0000 - 0x00007ffe3ccc8000 	C:\Windows\System32\PSAPI.DLL
0x00007ffe374a0000 - 0x00007ffe374a9000 	C:\Windows\SYSTEM32\WSOCK32.dll
0x00007ffe3ce30000 - 0x00007ffe3ce9a000 	C:\Windows\System32\WS2_32.dll
0x00007ffe37ef0000 - 0x00007ffe37f13000 	C:\Windows\SYSTEM32\WINMM.dll
0x00007ffe2c4f0000 - 0x00007ffe2c4fa000 	C:\Windows\SYSTEM32\VERSION.dll
0x00007ffe37e90000 - 0x00007ffe37ebb000 	C:\Windows\SYSTEM32\WINMMBASE.dll
0x00007ffe3a800000 - 0x00007ffe3a842000 	C:\Windows\System32\cfgmgr32.dll
0x000000005aba0000 - 0x000000005abaf000 	C:\Program Files\Java\jre1.8.0_131\bin\verify.dll
0x000000005ab70000 - 0x000000005ab99000 	C:\Program Files\Java\jre1.8.0_131\bin\java.dll
0x000000005ab50000 - 0x000000005ab66000 	C:\Program Files\Java\jre1.8.0_131\bin\zip.dll
0x00007ffe3b1b0000 - 0x00007ffe3c6b8000 	C:\Windows\System32\SHELL32.dll
0x00007ffe39d70000 - 0x00007ffe3a44a000 	C:\Windows\System32\windows.storage.dll
0x00007ffe39aa0000 - 0x00007ffe39aec000 	C:\Windows\System32\powrprof.dll
0x00007ffe3cc60000 - 0x00007ffe3ccb2000 	C:\Windows\System32\shlwapi.dll
0x00007ffe39b20000 - 0x00007ffe39b2f000 	C:\Windows\System32\kernel.appcore.dll
0x00007ffe3ab20000 - 0x00007ffe3abc9000 	C:\Windows\System32\shcore.dll
0x00007ffe39af0000 - 0x00007ffe39b04000 	C:\Windows\System32\profapi.dll
0x000000005ab30000 - 0x000000005ab4a000 	C:\Program Files\Java\jre1.8.0_131\bin\net.dll
0x00007ffe393d0000 - 0x00007ffe3942c000 	C:\Windows\system32\mswsock.dll
0x00007ffe39190000 - 0x00007ffe39231000 	C:\Windows\SYSTEM32\DNSAPI.dll
0x00007ffe3ac70000 - 0x00007ffe3ac78000 	C:\Windows\System32\NSI.dll
0x00007ffe39150000 - 0x00007ffe39188000 	C:\Windows\SYSTEM32\IPHLPAPI.DLL
0x00007ffe2a4f0000 - 0x00007ffe2a4fa000 	C:\Windows\System32\rasadhlp.dll
0x00007ffe31d10000 - 0x00007ffe31d7a000 	C:\Windows\System32\fwpuclnt.dll
0x00007ffe39680000 - 0x00007ffe396ab000 	C:\Windows\SYSTEM32\bcrypt.dll
0x000000005aae0000 - 0x000000005ab04000 	C:\Program Files\Java\jre1.8.0_131\bin\sunec.dll
0x00007ffe31c90000 - 0x00007ffe31ca6000 	C:\Windows\SYSTEM32\dhcpcsvc6.DLL
0x00007ffe31c70000 - 0x00007ffe31c8a000 	C:\Windows\SYSTEM32\dhcpcsvc.DLL
0x000000005ab10000 - 0x000000005ab21000 	C:\Program Files\Java\jre1.8.0_131\bin\nio.dll
0x00007ffe39570000 - 0x00007ffe39587000 	C:\Windows\SYSTEM32\CRYPTSP.dll
0x00007ffe38fd0000 - 0x00007ffe39003000 	C:\Windows\system32\rsaenh.dll
0x00007ffe39240000 - 0x00007ffe3925f000 	C:\Windows\SYSTEM32\USERENV.dll
0x00007ffe39590000 - 0x00007ffe3959b000 	C:\Windows\SYSTEM32\CRYPTBASE.dll
0x000000005aad0000 - 0x000000005aadb000 	C:\Program Files\Java\jre1.8.0_131\bin\sunmscapi.dll
0x00007ffe39ba0000 - 0x00007ffe39d69000 	C:\Windows\System32\CRYPT32.dll
0x00007ffe39b10000 - 0x00007ffe39b20000 	C:\Windows\System32\MSASN1.dll
0x00007ffe0fb80000 - 0x00007ffe0fbce000 	C:\Windows\System32\sqljdbc_auth.dll
0x00007ffe3ace0000 - 0x00007ffe3ae18000 	C:\Windows\System32\ole32.dll
0x00007ffe25af0000 - 0x00007ffe25afc000 	C:\Windows\system32\secur32.dll
0x00007ffe397a0000 - 0x00007ffe397cc000 	C:\Windows\SYSTEM32\SSPICLI.DLL
0x00007ffe39480000 - 0x00007ffe39570000 	C:\Windows\system32\kerberos.DLL
0x00007ffe39360000 - 0x00007ffe393c7000 	C:\Windows\system32\msv1_0.DLL
0x00007ffe39350000 - 0x00007ffe3935c000 	C:\Windows\SYSTEM32\NtlmShared.dll
0x00007ffe39430000 - 0x00007ffe39445000 	C:\Windows\SYSTEM32\cryptdll.dll
0x00007ffe18880000 - 0x00007ffe188a9000 	C:\Windows\system32\ntdsapi.dll
0x00007ffe23d30000 - 0x00007ffe23d46000 	C:\Windows\system32\napinsp.dll
0x00007ffe23aa0000 - 0x00007ffe23aba000 	C:\Windows\system32\pnrpnsp.dll
0x00007ffe37730000 - 0x00007ffe37748000 	C:\Windows\system32\NLAapi.dll
0x00007ffe23d20000 - 0x00007ffe23d2e000 	C:\Windows\System32\winrnr.dll
0x00007ffe23a80000 - 0x00007ffe23a95000 	C:\Windows\System32\wshbth.dll
0x00007ffe36ee0000 - 0x00007ffe37072000 	C:\Windows\SYSTEM32\dbghelp.dll

VM Arguments:
jvm_args: -Dfile.encoding=Cp1252 
java_command: main
java_class_path (initial): C:\Users\AFM-ASUS-i7\workspace\GothamCurlingClubV3F\bin;C:\Users\AFM-ASUS-i7\workspace\GothamCurlingClubV3F\jgoodies-common-1.8.0.jar;C:\Users\AFM-ASUS-i7\workspace\GothamCurlingClubV3F\jgoodies-forms-1.8.0.jar;C:\Users\AFM-ASUS-i7\workspace\GothamCurlingClubV3F\miglayout15-swing.jar;C:\Users\AFM-ASUS-i7\Desktop\Informática\Ingeniería del Software II\Practicas\GothamCurlingClubV3F\SQL\jcalendar-1.1.4.jar;C:\Users\AFM-ASUS-i7\Desktop\Informática\Ingeniería del Software II\Practicas\GothamCurlingClubV3F\SQL\rs2xml.jar;C:\Users\AFM-ASUS-i7\Downloads\sqljdbc4-2.0.jar
Launcher Type: SUN_STANDARD

Environment Variables:
PATH=C:/Program Files/Java/jre1.8.0_131/bin/server;C:/Program Files/Java/jre1.8.0_131/bin;C:/Program Files/Java/jre1.8.0_131/lib/amd64;C:\Program Files (x86)\NVIDIA Corporation\PhysX\Common;C:\ProgramData\Oracle\Java\javapath;C:\Program Files (x86)\Common Files\Intel\Shared Files\cpp\bin\Intel64;C:\Windows\system32;C:\Windows;C:\Windows\System32\Wbem;C:\Windows\System32\WindowsPowerShell\v1.0\;C:\Program Files (x86)\Microsoft SQL Server\Client SDK\ODBC\130\Tools\Binn\;C:\Program Files (x86)\Microsoft SQL Server\130\Tools\Binn\;C:\Program Files (x86)\Microsoft SQL Server\130\DTS\Binn\;C:\Program Files (x86)\Microsoft SQL Server\130\Tools\Binn\ManagementStudio\;C:\Users\AFM-ASUS-i7\AppData\Local\Microsoft\WindowsApps;;C:\Users\AFM-ASUS-i7\Desktop;
USERNAME=AFM-ASUS-i7
OS=Windows_NT
PROCESSOR_IDENTIFIER=Intel64 Family 6 Model 78 Stepping 3, GenuineIntel



---------------  S Y S T E M  ---------------

OS: Windows 10.0 , 64 bit Build 14393 (10.0.14393.1198)

CPU:total 4 (initial active 4) (2 cores per cpu, 2 threads per core) family 6 model 78 stepping 3, cmov, cx8, fxsr, mmx, sse, sse2, sse3, ssse3, sse4.1, sse4.2, popcnt, avx, avx2, aes, clmul, erms, 3dnowpref, lzcnt, ht, tsc, tscinvbit, bmi1, bmi2, adx

Memory: 4k page, physical 8246444k(3660816k free), swap 9557164k(3572152k free)

vm_info: Java HotSpot(TM) 64-Bit Server VM (25.131-b11) for windows-amd64 JRE (1.8.0_131-b11), built on Mar 15 2017 01:23:53 by "java_re" with MS VC++ 10.0 (VS2010)

time: Wed Jun 07 19:09:33 2017
elapsed time: 1 seconds (0d 0h 0m 1s)

